e:\onedrive\문서\대학\수업\capstonedesign\parallelcablerobothand\parallelcablerobothand\x64\release\vc141.pdb
e:\onedrive\문서\대학\수업\capstonedesign\parallelcablerobothand\parallelcablerobothand\x64\release\robotics.obj
e:\onedrive\문서\대학\수업\capstonedesign\parallelcablerobothand\parallelcablerobothand\x64\release\parallelcablerobothand.obj
e:\onedrive\문서\대학\수업\capstonedesign\parallelcablerobothand\parallelcablerobothand\x64\release\joint.obj
e:\onedrive\문서\대학\수업\capstonedesign\parallelcablerobothand\parallelcablerobothand\x64\release\finger.obj
e:\onedrive\문서\대학\수업\capstonedesign\parallelcablerobothand\parallelcablerobothand\x64\release\cablerobothandfunction.obj
e:\onedrive\문서\대학\수업\capstonedesign\parallelcablerobothand\parallelcablerobothand\x64\release\cablerobothand.obj
e:\onedrive\문서\대학\수업\capstonedesign\parallelcablerobothand\parallelcablerobothand\x64\release\actuatorfunction.obj
e:\onedrive\문서\대학\수업\capstonedesign\parallelcablerobothand\x64\release\parallelcablerobothand.exe
e:\onedrive\문서\대학\수업\capstonedesign\parallelcablerobothand\x64\release\parallelcablerobothand.pdb
e:\onedrive\문서\대학\수업\capstonedesign\parallelcablerobothand\x64\release\parallelcablerobothand.ipdb
e:\onedrive\문서\대학\수업\capstonedesign\parallelcablerobothand\x64\release\parallelcablerobothand.iobj
d:\onedrive\문서\대학\수업\capstonedesign\parallelcablerobothand\parallelcablerobothand\x64\release\actuatorfunction.obj
d:\onedrive\문서\대학\수업\capstonedesign\parallelcablerobothand\parallelcablerobothand\x64\release\cablerobothand.obj
d:\onedrive\문서\대학\수업\capstonedesign\parallelcablerobothand\parallelcablerobothand\x64\release\cablerobothandfunction.obj
d:\onedrive\문서\대학\수업\capstonedesign\parallelcablerobothand\parallelcablerobothand\x64\release\finger.obj
d:\onedrive\문서\대학\수업\capstonedesign\parallelcablerobothand\parallelcablerobothand\x64\release\joint.obj
d:\onedrive\문서\대학\수업\capstonedesign\parallelcablerobothand\parallelcablerobothand\x64\release\parallelcablerobothand.obj
d:\onedrive\문서\대학\수업\capstonedesign\parallelcablerobothand\parallelcablerobothand\x64\release\robotics.obj
d:\onedrive\문서\대학\수업\capstonedesign\parallelcablerobothand\parallelcablerobothand\x64\release\vc141.pdb
d:\onedrive\문서\대학\수업\capstonedesign\parallelcablerobothand\x64\release\parallelcablerobothand.pdb
d:\onedrive\문서\대학\수업\capstonedesign\parallelcablerobothand\x64\release\parallelcablerobothand.exe
d:\onedrive\문서\대학\수업\capstonedesign\parallelcablerobothand\x64\release\parallelcablerobothand.exe.lastcodeanalysissucceeded
d:\onedrive\문서\대학\수업\capstonedesign\parallelcablerobothand\parallelcablerobothand\x64\release\parallel.fe1bbf35.tlog\cl.command.1.tlog
d:\onedrive\문서\대학\수업\capstonedesign\parallelcablerobothand\parallelcablerobothand\x64\release\parallel.fe1bbf35.tlog\cl.read.1.tlog
d:\onedrive\문서\대학\수업\capstonedesign\parallelcablerobothand\parallelcablerobothand\x64\release\parallel.fe1bbf35.tlog\cl.write.1.tlog
d:\onedrive\문서\대학\수업\capstonedesign\parallelcablerobothand\parallelcablerobothand\x64\release\parallel.fe1bbf35.tlog\link.command.1.tlog
d:\onedrive\문서\대학\수업\capstonedesign\parallelcablerobothand\parallelcablerobothand\x64\release\parallel.fe1bbf35.tlog\link.read.1.tlog
d:\onedrive\문서\대학\수업\capstonedesign\parallelcablerobothand\parallelcablerobothand\x64\release\parallel.fe1bbf35.tlog\link.write.1.tlog
d:\onedrive\문서\대학\수업\capstonedesign\parallelcablerobothand\parallelcablerobothand\x64\release\parallel.fe1bbf35.tlog\parallelcablerobothand.write.1u.tlog
